<?xml version="1.0" encoding="UTF-8"?>
<!-- Generated by org.testng.reporters.JUnitXMLReporter -->
<testsuite ignored="0" hostname="WQTL04LLARA" failures="0" tests="3" name="Test" time="57.838" errors="0" timestamp="21 May 2021 20:50:53 GMT">
  <testcase classname="TestCases" name="checkAppMessage" time="8.643"/>
  <testcase classname="TestCases" name="checkForgotPasswordLink" time="10.292"/>
  <testcase classname="TestCases" name="checkForgotUsernameLink" time="8.74"/>
</testsuite> <!-- Test -->
